SF:lib/src/datasources/auth_data_source.dart
DA:6,1
DA:12,0
DA:14,0
DA:15,0
DA:20,0
DA:23,0
DA:25,0
DA:26,0
LF:8
LH:1
end_of_record
SF:lib/src/repositories/auth_repository.dart
DA:9,2
DA:17,4
DA:19,1
DA:24,2
DA:25,1
DA:26,1
DA:27,2
DA:28,2
DA:29,1
DA:33,1
DA:34,2
DA:39,1
DA:41,2
DA:43,2
DA:48,1
DA:49,1
DA:50,1
DA:51,1
DA:52,3
LF:19
LH:19
end_of_record
SF:lib/src/extensions/supabase.dart
DA:5,2
DA:6,2
DA:7,2
DA:8,2
DA:9,2
DA:10,3
DA:11,3
DA:17,2
DA:18,8
DA:19,8
DA:21,1
LF:11
LH:11
end_of_record
SF:lib/src/auth_module.dart
DA:12,1
DA:15,1
DA:16,2
DA:17,1
DA:20,1
DA:21,2
DA:22,1
DA:23,1
DA:26,1
DA:27,2
DA:28,1
DA:31,1
DA:32,2
DA:33,1
DA:34,1
DA:37,1
DA:38,1
DA:41,1
DA:42,1
DA:43,1
LF:20
LH:20
end_of_record
SF:lib/src/api/auth_api_impl.dart
DA:6,2
DA:14,1
DA:15,2
DA:17,1
DA:18,2
DA:20,1
DA:21,2
DA:23,1
DA:24,2
DA:26,1
DA:27,2
LF:11
LH:11
end_of_record
SF:lib/src/api/auth_internal_api_impl.dart
DA:6,2
DA:12,1
DA:13,2
DA:15,1
DA:20,2
DA:26,1
DA:28,2
DA:31,1
DA:32,2
LF:9
LH:9
end_of_record
SF:lib/src/screens/login_screen.dart
DA:9,8
DA:14,7
DA:16,2
DA:18,2
DA:19,2
DA:21,2
DA:22,2
DA:23,2
DA:26,2
DA:33,2
DA:35,2
DA:36,2
DA:37,1
DA:38,2
DA:39,1
DA:40,1
DA:43,2
DA:44,2
DA:46,2
DA:49,2
DA:54,2
DA:59,4
DA:60,2
DA:62,2
DA:65,2
DA:67,2
DA:68,2
DA:72,1
DA:73,1
DA:74,1
DA:75,1
DA:77,1
DA:78,1
DA:79,1
DA:83,4
DA:84,2
DA:87,1
DA:88,1
DA:93,2
DA:94,2
DA:95,2
DA:96,2
DA:97,1
DA:98,1
DA:101,2
DA:112,1
DA:116,1
DA:117,1
DA:118,1
DA:119,1
DA:124,1
DA:128,1
DA:129,1
DA:130,1
DA:131,1
DA:136,1
DA:140,2
DA:141,1
DA:143,1
DA:144,1
DA:147,1
DA:150,1
DA:154,1
DA:155,1
DA:156,1
DA:157,1
DA:160,1
DA:161,2
DA:166,2
DA:170,5
DA:171,1
DA:172,1
DA:173,1
DA:174,1
DA:177,2
DA:182,1
DA:183,4
DA:186,6
DA:188,2
DA:189,2
DA:190,8
DA:194,1
DA:198,4
LF:83
LH:83
end_of_record
SF:lib/src/validators/login_form_validator.dart
DA:2,1
DA:5,1
DA:6,1
DA:9,1
DA:10,1
DA:13,1
DA:14,4
DA:17,1
DA:18,1
LF:9
LH:9
end_of_record
SF:lib/src/notifiers/login_notifier.dart
DA:7,12
DA:8,3
DA:9,3
DA:13,3
DA:19,3
DA:24,2
DA:28,2
DA:29,6
DA:30,4
LF:9
LH:9
end_of_record
