SF:lib/src/datasources/auth_data_source.dart
DA:18,1
DA:20,2
DA:24,2
DA:25,1
DA:26,2
DA:27,1
DA:28,2
DA:29,1
DA:30,2
DA:31,1
DA:35,1
DA:40,1
DA:42,2
DA:43,1
DA:44,1
DA:47,1
DA:49,2
DA:50,1
DA:51,2
DA:52,1
DA:53,2
DA:54,1
DA:58,1
DA:63,1
DA:65,1
DA:67,3
DA:70,2
DA:72,1
DA:75,1
DA:77,1
DA:80,1
DA:81,2
DA:82,1
DA:86,1
DA:91,1
DA:93,2
DA:97,1
DA:98,2
DA:99,1
DA:100,2
DA:101,1
DA:102,2
DA:103,1
DA:104,2
DA:105,1
DA:109,1
DA:110,3
LF:47
LH:47
end_of_record
SF:lib/src/entities/credential.dart
DA:4,3
DA:14,1
DA:15,1
DA:16,1
DA:17,1
DA:21,1
DA:22,1
DA:23,1
DA:24,1
DA:25,1
LF:10
LH:10
end_of_record
SF:lib/src/repositories/auth_repository.dart
DA:9,1
DA:10,2
DA:13,1
DA:14,2
DA:17,1
DA:18,2
DA:21,1
DA:22,2
LF:8
LH:8
end_of_record
SF:lib/src/auth_module.dart
DA:14,5
DA:22,5
DA:25,5
DA:26,15
DA:27,15
DA:28,15
DA:29,15
DA:30,5
DA:31,5
DA:34,1
DA:35,1
DA:36,1
DA:42,5
DA:43,5
DA:46,1
DA:47,1
DA:48,1
DA:54,5
DA:55,5
DA:58,1
DA:59,1
DA:60,1
DA:66,5
DA:67,5
DA:70,1
DA:71,2
DA:72,1
DA:73,1
DA:74,1
LF:29
LH:29
end_of_record
SF:lib/src/modules/auth_navigation_module.dart
DA:7,1
DA:9,1
DA:12,1
DA:14,1
DA:15,3
DA:16,1
DA:18,2
LF:7
LH:7
end_of_record
SF:lib/src/api/auth_api_impl.dart
DA:10,1
DA:12,4
DA:14,1
DA:20,0
DA:22,0
DA:25,1
DA:26,3
DA:28,1
DA:29,2
DA:31,1
DA:32,2
DA:34,1
DA:36,2
DA:38,1
DA:40,2
DA:42,1
LF:16
LH:14
end_of_record
SF:lib/src/mappers/user_credentials_mapper.dart
DA:5,3
DA:6,3
DA:7,2
DA:8,2
DA:9,2
DA:10,2
DA:11,2
LF:7
LH:7
end_of_record
SF:lib/src/pages/forgot_password_page.dart
DA:11,4
DA:16,17
DA:18,1
DA:20,1
DA:22,1
DA:23,1
DA:25,1
DA:26,1
DA:28,1
DA:29,1
DA:30,1
DA:32,1
DA:33,0
DA:34,0
DA:35,0
DA:37,1
DA:38,1
DA:39,1
DA:44,1
DA:49,2
DA:50,1
DA:52,0
DA:53,0
DA:54,0
DA:55,0
DA:60,1
DA:61,1
DA:62,1
DA:63,1
DA:64,3
DA:67,2
DA:69,1
DA:70,1
DA:72,0
DA:90,0
DA:94,0
DA:95,0
DA:96,0
DA:97,0
DA:102,1
DA:106,2
DA:107,0
DA:108,0
DA:109,0
DA:110,0
DA:113,0
DA:114,0
DA:120,0
DA:124,0
DA:125,0
DA:128,0
DA:129,0
DA:132,0
DA:136,0
LF:54
LH:28
end_of_record
SF:lib/src/validators/login_form_validator.dart
DA:2,3
DA:5,3
DA:6,3
DA:9,3
DA:10,3
DA:13,4
DA:14,8
DA:17,4
DA:18,4
LF:9
LH:9
end_of_record
SF:lib/src/pages/new_password_page.dart
DA:15,8
DA:20,2
DA:27,2
DA:29,2
DA:31,2
DA:32,2
DA:34,2
DA:35,2
DA:37,2
DA:38,2
DA:39,2
DA:41,2
DA:42,1
DA:43,4
DA:44,2
DA:46,2
DA:47,2
DA:48,2
DA:53,2
DA:57,1
DA:58,2
DA:59,1
DA:61,1
DA:65,4
DA:66,2
DA:69,1
DA:70,1
DA:73,2
DA:74,2
DA:75,2
DA:76,2
DA:77,6
DA:80,4
DA:82,2
DA:83,2
DA:85,1
DA:86,2
DA:104,1
DA:108,1
DA:109,1
DA:110,1
DA:111,1
DA:116,2
DA:120,5
DA:121,1
DA:122,1
DA:123,1
DA:124,1
DA:127,1
DA:128,1
DA:129,1
DA:130,1
DA:131,2
DA:139,1
DA:143,1
DA:145,1
DA:146,1
DA:147,1
DA:148,1
DA:149,1
DA:150,1
DA:151,1
DA:152,1
DA:155,1
DA:158,1
DA:159,2
DA:162,1
DA:167,3
DA:168,2
LF:69
LH:69
end_of_record
SF:lib/src/pages/sign_in_page.dart
DA:15,8
DA:20,17
DA:22,2
DA:24,2
DA:25,2
DA:27,2
DA:28,2
DA:30,2
DA:31,2
DA:33,2
DA:34,2
DA:35,2
DA:37,2
DA:38,1
DA:39,4
DA:40,1
DA:41,1
DA:42,1
DA:45,2
DA:46,2
DA:47,2
DA:52,2
DA:57,4
DA:58,2
DA:60,2
DA:63,2
DA:65,2
DA:66,2
DA:70,1
DA:71,1
DA:72,1
DA:73,1
DA:75,1
DA:77,1
DA:78,1
DA:82,4
DA:83,2
DA:87,1
DA:88,1
DA:91,2
DA:93,2
DA:94,2
DA:96,1
DA:97,1
DA:98,1
DA:100,1
DA:101,1
DA:108,2
DA:109,2
DA:110,2
DA:111,2
DA:112,6
DA:114,4
DA:116,2
DA:117,2
DA:119,2
DA:121,1
DA:122,1
DA:130,2
DA:132,2
DA:133,2
DA:134,2
DA:135,2
DA:136,2
DA:138,2
DA:139,2
DA:140,2
DA:142,6
DA:148,1
DA:149,2
DA:151,1
DA:152,1
DA:168,1
DA:172,1
DA:173,1
DA:174,1
DA:175,1
DA:180,1
DA:184,1
DA:185,1
DA:186,1
DA:187,1
DA:192,2
DA:196,5
DA:197,1
DA:198,1
DA:199,1
DA:200,1
DA:203,1
DA:204,2
DA:205,1
DA:211,1
DA:215,1
DA:217,1
DA:218,1
DA:219,1
DA:220,1
DA:221,1
DA:222,1
DA:225,1
DA:228,1
DA:232,1
DA:233,1
DA:234,1
DA:235,1
DA:238,1
DA:243,4
DA:246,1
DA:247,1
DA:248,1
LF:110
LH:110
end_of_record
SF:lib/src/pages/sign_up_page.dart
DA:16,8
DA:22,17
DA:24,2
DA:26,2
DA:27,2
DA:28,2
DA:29,2
DA:31,2
DA:32,2
DA:34,2
DA:35,2
DA:37,2
DA:38,2
DA:39,2
DA:41,2
DA:42,1
DA:43,4
DA:44,1
DA:45,1
DA:46,1
DA:47,1
DA:50,2
DA:51,2
DA:52,2
DA:57,2
DA:63,4
DA:64,2
DA:66,2
DA:69,2
DA:74,4
DA:75,2
DA:77,1
DA:78,1
DA:81,2
DA:85,4
DA:86,2
DA:89,1
DA:90,1
DA:91,1
DA:92,1
DA:93,1
DA:94,1
DA:95,1
DA:97,1
DA:99,1
DA:100,1
DA:101,1
DA:102,1
DA:109,2
DA:110,2
DA:111,2
DA:112,2
DA:113,6
DA:115,4
DA:117,2
DA:118,2
DA:120,1
DA:121,1
DA:123,1
DA:124,1
DA:125,1
DA:126,1
DA:136,2
DA:138,2
DA:139,2
DA:140,2
DA:141,2
DA:142,2
DA:143,2
DA:147,2
DA:148,2
DA:149,2
DA:151,6
DA:157,3
DA:171,1
DA:175,1
DA:176,1
DA:181,1
DA:185,1
DA:186,1
DA:187,1
DA:188,1
DA:193,1
DA:197,1
DA:198,1
DA:199,1
DA:200,1
DA:205,2
DA:209,5
DA:210,1
DA:211,1
DA:212,1
DA:213,1
DA:216,1
DA:217,2
DA:223,1
DA:227,1
DA:229,1
DA:230,1
DA:231,1
DA:232,1
DA:235,1
DA:238,1
DA:243,1
DA:244,1
DA:245,1
DA:246,1
DA:247,1
DA:250,1
DA:254,4
LF:110
LH:110
end_of_record
SF:lib/src/validators/register_form_validator.dart
DA:2,1
DA:3,1
LF:2
LH:2
end_of_record
SF:lib/src/notifiers/change_password_notifier.dart
DA:6,9
DA:7,3
DA:8,3
DA:12,6
DA:16,2
DA:17,2
DA:18,6
DA:19,4
LF:8
LH:8
end_of_record
SF:lib/src/notifiers/register_user_notifier.dart
DA:8,6
DA:9,6
DA:10,3
DA:14,6
DA:18,2
DA:19,2
DA:20,6
DA:21,4
LF:8
LH:8
end_of_record
SF:lib/src/notifiers/reset_password_notifier.dart
DA:6,4
DA:7,2
DA:8,2
DA:9,2
DA:13,4
DA:17,1
DA:18,1
DA:19,3
DA:20,2
LF:9
LH:9
end_of_record
SF:lib/src/notifiers/sign_in_notifier.dart
DA:7,6
DA:8,6
DA:9,3
DA:13,6
DA:17,2
DA:18,2
DA:19,6
DA:20,4
LF:8
LH:8
end_of_record
