SF:/Users/aosorio/Development/Packages/cover/lib/src/extensions/double_extension.dart
DA:3,9
DA:4,9
DA:5,9
DA:8,3
DA:10,6
DA:11,9
DA:12,3
LF:7
LH:7
end_of_record
SF:/Users/aosorio/Development/Packages/cover/lib/src/extensions/record_extension.dart
DA:5,2
DA:6,4
DA:7,4
DA:8,4
DA:9,2
DA:11,2
DA:12,2
DA:15,2
DA:16,2
DA:17,2
DA:18,2
DA:19,4
DA:20,6
DA:21,6
DA:22,2
DA:28,2
DA:30,12
DA:32,6
DA:33,2
LF:19
LH:19
end_of_record
SF:/Users/aosorio/Development/Packages/cover/lib/src/cover_command_runner.dart
DA:18,2
DA:19,1
DA:20,2
DA:21,2
DA:22,2
DA:28,2
DA:30,2
DA:34,2
DA:40,2
DA:47,6
DA:52,2
DA:55,2
DA:56,2
DA:57,2
DA:58,4
DA:59,2
DA:60,2
DA:61,4
DA:62,2
DA:63,2
DA:64,6
DA:65,2
DA:66,1
DA:67,2
DA:68,1
DA:72,2
DA:74,4
DA:75,1
DA:76,2
DA:77,1
DA:80,2
DA:83,2
DA:84,2
DA:85,2
DA:86,2
DA:87,4
DA:90,1
DA:91,2
DA:92,1
DA:93,2
LF:40
LH:40
end_of_record
SF:/Users/aosorio/Development/Packages/cover/lib/src/commands/check_coverage_command.dart
DA:26,2
DA:30,2
DA:33,2
DA:36,2
DA:38,2
DA:39,2
DA:40,2
DA:41,2
DA:42,2
DA:44,2
DA:50,1
DA:51,1
DA:54,2
DA:55,2
DA:58,2
DA:61,1
DA:62,3
DA:63,1
DA:64,2
DA:66,1
DA:67,1
DA:68,1
DA:71,2
DA:72,2
DA:73,2
DA:74,2
DA:75,2
DA:76,2
DA:77,2
DA:80,2
DA:81,2
DA:84,2
DA:86,4
DA:87,2
DA:90,2
DA:91,4
DA:94,2
DA:95,4
LF:38
LH:38
end_of_record
